# JRE version: Java(TM) SE Runtime Environment (8.0_66-b18) (build 1.8.0_66-b18)
# Java VM: Java HotSpot(TM) 64-Bit Server VM (25.66-b18 mixed mode windows-amd64 compressed oops)
Heap:
 PSYoungGen      total 55296K, used 21639K [0x00000007bc400000, 0x00000007c0000000, 0x00000007c0000000)
  eden space 49152K, 33% used [0x00000007bc400000,0x00000007bd422210,0x00000007bf400000)
  from space 6144K, 83% used [0x00000007bfa00000,0x00000007bfeffb98,0x00000007c0000000)
  to   space 6144K, 0% used [0x00000007bf400000,0x00000007bf400000,0x00000007bfa00000)
 ParOldGen       total 163840K, used 65256K [0x0000000700000000, 0x000000070a000000, 0x00000007bc400000)
  object space 163840K, 39% used [0x0000000700000000,0x0000000703fba178,0x000000070a000000)
 Metaspace       used 59404K, capacity 59983K, committed 60672K, reserved 1101824K
  class space    used 8250K, capacity 8379K, committed 8448K, reserved 1048576K
GC Heap History (10 events):
Event: 2472.743 GC heap before
{Heap before GC invocations=142 (full 6):
 PSYoungGen      total 55296K, used 55125K [0x00000007bc400000, 0x00000007c0000000, 0x00000007c0000000)
  eden space 50688K, 100% used [0x00000007bc400000,0x00000007bf580000,0x00000007bf580000)
  from space 4608K, 96% used [0x00000007bf600000,0x00000007bfa55710,0x00000007bfa80000)
  to   space 5632K, 0% used [0x00000007bfa80000,0x00000007bfa80000,0x00000007c0000000)
 ParOldGen       total 163840K, used 64049K [0x0000000700000000, 0x000000070a000000, 0x00000007bc400000)
  object space 163840K, 39% used [0x0000000700000000,0x0000000703e8c478,0x000000070a000000)
 Metaspace       used 59372K, capacity 59983K, committed 60672K, reserved 1101824K
  class space    used 8250K, capacity 8379K, committed 8448K, reserved 1048576K
Event: 2472.749 GC heap after
Heap after GC invocations=142 (full 6):
 PSYoungGen      total 55808K, used 3941K [0x00000007bc400000, 0x00000007c0000000, 0x00000007c0000000)
  eden space 50176K, 0% used [0x00000007bc400000,0x00000007bc400000,0x00000007bf500000)
  from space 5632K, 69% used [0x00000007bfa80000,0x00000007bfe59558,0x00000007c0000000)
  to   space 5632K, 0% used [0x00000007bf500000,0x00000007bf500000,0x00000007bfa80000)
 ParOldGen       total 163840K, used 64584K [0x0000000700000000, 0x000000070a000000, 0x00000007bc400000)
  object space 163840K, 39% used [0x0000000700000000,0x0000000703f122c0,0x000000070a000000)
 Metaspace       used 59372K, capacity 59983K, committed 60672K, reserved 1101824K
  class space    used 8250K, capacity 8379K, committed 8448K, reserved 1048576K
}
Event: 2473.398 GC heap before
{Heap before GC invocations=143 (full 6):
 PSYoungGen      total 55808K, used 54117K [0x00000007bc400000, 0x00000007c0000000, 0x00000007c0000000)
  eden space 50176K, 100% used [0x00000007bc400000,0x00000007bf500000,0x00000007bf500000)
  from space 5632K, 69% used [0x00000007bfa80000,0x00000007bfe59558,0x00000007c0000000)
  to   space 5632K, 0% used [0x00000007bf500000,0x00000007bf500000,0x00000007bfa80000)
 ParOldGen       total 163840K, used 64584K [0x0000000700000000, 0x000000070a000000, 0x00000007bc400000)
  object space 163840K, 39% used [0x0000000700000000,0x0000000703f122c0,0x000000070a000000)
 Metaspace       used 59377K, capacity 59983K, committed 60672K, reserved 1101824K
  class space    used 8250K, capacity 8379K, committed 8448K, reserved 1048576K
Event: 2473.406 GC heap after
Heap after GC invocations=143 (full 6):
 PSYoungGen      total 55296K, used 5410K [0x00000007bc400000, 0x00000007c0000000, 0x00000007c0000000)
  eden space 49664K, 0% used [0x00000007bc400000,0x00000007bc400000,0x00000007bf480000)
  from space 5632K, 96% used [0x00000007bf500000,0x00000007bfa48840,0x00000007bfa80000)
  to   space 5632K, 0% used [0x00000007bfa80000,0x00000007bfa80000,0x00000007c0000000)
 ParOldGen       total 163840K, used 64728K [0x0000000700000000, 0x000000070a000000, 0x00000007bc400000)
  object space 163840K, 39% used [0x0000000700000000,0x0000000703f362c0,0x000000070a000000)
 Metaspace       used 59377K, capacity 59983K, committed 60672K, reserved 1101824K
  class space    used 8250K, capacity 8379K, committed 8448K, reserved 1048576K
}
Event: 2491.518 GC heap before
{Heap before GC invocations=144 (full 6):
 PSYoungGen      total 55296K, used 55074K [0x00000007bc400000, 0x00000007c0000000, 0x00000007c0000000)
  eden space 49664K, 100% used [0x00000007bc400000,0x00000007bf480000,0x00000007bf480000)
  from space 5632K, 96% used [0x00000007bf500000,0x00000007bfa48840,0x00000007bfa80000)
  to   space 5632K, 0% used [0x00000007bfa80000,0x00000007bfa80000,0x00000007c0000000)
 ParOldGen       total 163840K, used 64728K [0x0000000700000000, 0x000000070a000000, 0x00000007bc400000)
  object space 163840K, 39% used [0x0000000700000000,0x0000000703f362c0,0x000000070a000000)
 Metaspace       used 59381K, capacity 59983K, committed 60672K, reserved 1101824K
  class space    used 8250K, capacity 8379K, committed 8448K, reserved 1048576K
Event: 2491.524 GC heap after
Heap after GC invocations=144 (full 6):
 PSYoungGen      total 54784K, used 4268K [0x00000007bc400000, 0x00000007c0000000, 0x00000007c0000000)
  eden space 49152K, 0% used [0x00000007bc400000,0x00000007bc400000,0x00000007bf400000)
  from space 5632K, 75% used [0x00000007bfa80000,0x00000007bfeab070,0x00000007c0000000)
  to   space 6144K, 0% used [0x00000007bf400000,0x00000007bf400000,0x00000007bfa00000)
 ParOldGen       total 163840K, used 64896K [0x0000000700000000, 0x000000070a000000, 0x00000007bc400000)
  object space 163840K, 39% used [0x0000000700000000,0x0000000703f60178,0x000000070a000000)
 Metaspace       used 59381K, capacity 59983K, committed 60672K, reserved 1101824K
  class space    used 8250K, capacity 8379K, committed 8448K, reserved 1048576K
}
Event: 2502.680 GC heap before
{Heap before GC invocations=145 (full 6):
 PSYoungGen      total 54784K, used 53420K [0x00000007bc400000, 0x00000007c0000000, 0x00000007c0000000)
  eden space 49152K, 100% used [0x00000007bc400000,0x00000007bf400000,0x00000007bf400000)
  from space 5632K, 75% used [0x00000007bfa80000,0x00000007bfeab070,0x00000007c0000000)
  to   space 6144K, 0% used [0x00000007bf400000,0x00000007bf400000,0x00000007bfa00000)
 ParOldGen       total 163840K, used 64896K [0x0000000700000000, 0x000000070a000000, 0x00000007bc400000)
  object space 163840K, 39% used [0x0000000700000000,0x0000000703f60178,0x000000070a000000)
 Metaspace       used 59384K, capacity 59983K, committed 60672K, reserved 1101824K
  class space    used 8250K, capacity 8379K, committed 8448K, reserved 1048576K
Event: 2502.692 GC heap after
Heap after GC invocations=145 (full 6):
 PSYoungGen      total 55296K, used 3989K [0x00000007bc400000, 0x00000007c0000000, 0x00000007c0000000)
  eden space 49152K, 0% used [0x00000007bc400000,0x00000007bc400000,0x00000007bf400000)
  from space 6144K, 64% used [0x00000007bf400000,0x00000007bf7e5618,0x00000007bfa00000)
  to   space 6144K, 0% used [0x00000007bfa00000,0x00000007bfa00000,0x00000007c0000000)
 ParOldGen       total 163840K, used 65064K [0x0000000700000000, 0x000000070a000000, 0x00000007bc400000)
  object space 163840K, 39% used [0x0000000700000000,0x0000000703f8a178,0x000000070a000000)
 Metaspace       used 59384K, capacity 59983K, committed 60672K, reserved 1101824K
  class space    used 8250K, capacity 8379K, committed 8448K, reserved 1048576K
}
Event: 2503.560 GC heap before
{Heap before GC invocations=146 (full 6):
 PSYoungGen      total 55296K, used 53141K [0x00000007bc400000, 0x00000007c0000000, 0x00000007c0000000)
  eden space 49152K, 100% used [0x00000007bc400000,0x00000007bf400000,0x00000007bf400000)
  from space 6144K, 64% used [0x00000007bf400000,0x00000007bf7e5618,0x00000007bfa00000)
  to   space 6144K, 0% used [0x00000007bfa00000,0x00000007bfa00000,0x00000007c0000000)
 ParOldGen       total 163840K, used 65064K [0x0000000700000000, 0x000000070a000000, 0x00000007bc400000)
  object space 163840K, 39% used [0x0000000700000000,0x0000000703f8a178,0x000000070a000000)
 Metaspace       used 59388K, capacity 59983K, committed 60672K, reserved 1101824K
  class space    used 8250K, capacity 8379K, committed 8448K, reserved 1048576K
Event: 2503.572 GC heap after
Heap after GC invocations=146 (full 6):
 PSYoungGen      total 55296K, used 5118K [0x00000007bc400000, 0x00000007c0000000, 0x00000007c0000000)
  eden space 49152K, 0% used [0x00000007bc400000,0x00000007bc400000,0x00000007bf400000)
  from space 6144K, 83% used [0x00000007bfa00000,0x00000007bfeffb98,0x00000007c0000000)
  to   space 6144K, 0% used [0x00000007bf400000,0x00000007bf400000,0x00000007bfa00000)
 ParOldGen       total 163840K, used 65256K [0x0000000700000000, 0x000000070a000000, 0x00000007bc400000)
  object space 163840K, 39% used [0x0000000700000000,0x0000000703fba178,0x000000070a000000)
 Metaspace       used 59388K, capacity 59983K, committed 60672K, reserved 1101824K
  class space    used 8250K, capacity 8379K, committed 8448K, reserved 1048576K
}

